<?xml version="1.0" encoding="UTF-8"?>
<!-- Generated by org.testng.reporters.JUnitReportReporter -->
<testsuite hostname="Alisha-PC" failures="0" tests="20" name="com.diwakar15.selenium_docker.tests.flightreservation.FlightReservationTest" time="36.546" errors="0" timestamp="2024-08-07T16:47:58 AEST" skipped="0">
  <testcase classname="com.diwakar15.selenium_docker.tests.flightreservation.FlightReservationTest" name="flightSearchTest" time="1.063"/>
  <testcase classname="com.diwakar15.selenium_docker.tests.flightreservation.FlightReservationTest" name="registrationConfirmationTest" time="2.245"/>
  <testcase classname="com.diwakar15.selenium_docker.tests.flightreservation.FlightReservationTest" name="registrationConfirmationTest" time="1.177"/>
  <testcase classname="com.diwakar15.selenium_docker.tests.flightreservation.FlightReservationTest" name="flightSearchTest" time="1.602"/>
  <testcase classname="com.diwakar15.selenium_docker.tests.flightreservation.FlightReservationTest" name="registrationConfirmationTest" time="1.807"/>
  <testcase classname="com.diwakar15.selenium_docker.tests.flightreservation.FlightReservationTest" name="registrationConfirmationTest" time="1.834"/>
  <testcase classname="com.diwakar15.selenium_docker.tests.flightreservation.FlightReservationTest" name="flightSearchTest" time="2.607"/>
  <testcase classname="com.diwakar15.selenium_docker.tests.flightreservation.FlightReservationTest" name="flightReservationConfirmationTest" time="1.642"/>
  <testcase classname="com.diwakar15.selenium_docker.tests.flightreservation.FlightReservationTest" name="flightSelectionTest" time="1.515"/>
  <testcase classname="com.diwakar15.selenium_docker.tests.flightreservation.FlightReservationTest" name="flightSelectionTest" time="2.566"/>
  <testcase classname="com.diwakar15.selenium_docker.tests.flightreservation.FlightReservationTest" name="flightReservationConfirmationTest" time="1.117"/>
  <testcase classname="com.diwakar15.selenium_docker.tests.flightreservation.FlightReservationTest" name="userRegistrationTest" time="2.138"/>
  <testcase classname="com.diwakar15.selenium_docker.tests.flightreservation.FlightReservationTest" name="flightSelectionTest" time="1.518"/>
  <testcase classname="com.diwakar15.selenium_docker.tests.flightreservation.FlightReservationTest" name="userRegistrationTest" time="2.068"/>
  <testcase classname="com.diwakar15.selenium_docker.tests.flightreservation.FlightReservationTest" name="flightReservationConfirmationTest" time="0.596"/>
  <testcase classname="com.diwakar15.selenium_docker.tests.flightreservation.FlightReservationTest" name="userRegistrationTest" time="1.966"/>
  <testcase classname="com.diwakar15.selenium_docker.tests.flightreservation.FlightReservationTest" name="flightReservationConfirmationTest" time="2.293"/>
  <testcase classname="com.diwakar15.selenium_docker.tests.flightreservation.FlightReservationTest" name="flightSelectionTest" time="2.599"/>
  <testcase classname="com.diwakar15.selenium_docker.tests.flightreservation.FlightReservationTest" name="flightSearchTest" time="2.130"/>
  <testcase classname="com.diwakar15.selenium_docker.tests.flightreservation.FlightReservationTest" name="userRegistrationTest" time="2.063"/>
</testsuite> <!-- com.diwakar15.selenium_docker.tests.flightreservation.FlightReservationTest -->
