<?xml version="1.0" encoding="UTF-8"?>
<!-- Generated by org.testng.reporters.JUnitReportReporter -->
<testsuite hostname="Alisha-PC" failures="0" tests="20" name="com.diwakar15.selenium_docker.tests.flightreservation.FlightReservationTest" time="64.768" errors="0" timestamp="2024-08-07T20:45:39 AEST" skipped="0">
  <testcase classname="com.diwakar15.selenium_docker.tests.flightreservation.FlightReservationTest" name="registrationConfirmationTest" time="2.631"/>
  <testcase classname="com.diwakar15.selenium_docker.tests.flightreservation.FlightReservationTest" name="flightSearchTest" time="2.590"/>
  <testcase classname="com.diwakar15.selenium_docker.tests.flightreservation.FlightReservationTest" name="flightSelectionTest" time="1.341"/>
  <testcase classname="com.diwakar15.selenium_docker.tests.flightreservation.FlightReservationTest" name="flightSearchTest" time="2.206"/>
  <testcase classname="com.diwakar15.selenium_docker.tests.flightreservation.FlightReservationTest" name="flightSelectionTest" time="2.112"/>
  <testcase classname="com.diwakar15.selenium_docker.tests.flightreservation.FlightReservationTest" name="registrationConfirmationTest" time="2.146"/>
  <testcase classname="com.diwakar15.selenium_docker.tests.flightreservation.FlightReservationTest" name="flightReservationConfirmationTest" time="1.566"/>
  <testcase classname="com.diwakar15.selenium_docker.tests.flightreservation.FlightReservationTest" name="flightSelectionTest" time="2.250"/>
  <testcase classname="com.diwakar15.selenium_docker.tests.flightreservation.FlightReservationTest" name="userRegistrationTest" time="7.963"/>
  <testcase classname="com.diwakar15.selenium_docker.tests.flightreservation.FlightReservationTest" name="userRegistrationTest" time="8.335"/>
  <testcase classname="com.diwakar15.selenium_docker.tests.flightreservation.FlightReservationTest" name="registrationConfirmationTest" time="2.388"/>
  <testcase classname="com.diwakar15.selenium_docker.tests.flightreservation.FlightReservationTest" name="flightSearchTest" time="3.278"/>
  <testcase classname="com.diwakar15.selenium_docker.tests.flightreservation.FlightReservationTest" name="flightReservationConfirmationTest" time="0.995"/>
  <testcase classname="com.diwakar15.selenium_docker.tests.flightreservation.FlightReservationTest" name="flightReservationConfirmationTest" time="1.512"/>
  <testcase classname="com.diwakar15.selenium_docker.tests.flightreservation.FlightReservationTest" name="registrationConfirmationTest" time="2.344"/>
  <testcase classname="com.diwakar15.selenium_docker.tests.flightreservation.FlightReservationTest" name="flightSelectionTest" time="2.435"/>
  <testcase classname="com.diwakar15.selenium_docker.tests.flightreservation.FlightReservationTest" name="flightReservationConfirmationTest" time="1.003"/>
  <testcase classname="com.diwakar15.selenium_docker.tests.flightreservation.FlightReservationTest" name="flightSearchTest" time="1.981"/>
  <testcase classname="com.diwakar15.selenium_docker.tests.flightreservation.FlightReservationTest" name="userRegistrationTest" time="7.624"/>
  <testcase classname="com.diwakar15.selenium_docker.tests.flightreservation.FlightReservationTest" name="userRegistrationTest" time="8.068"/>
</testsuite> <!-- com.diwakar15.selenium_docker.tests.flightreservation.FlightReservationTest -->
