<?xml version="1.0" encoding="UTF-8"?>
<!-- Generated by org.testng.reporters.JUnitReportReporter -->
<testsuite hostname="Alisha-PC" failures="0" tests="3" name="com.diwakar15.selenium_docker.tests.vendorportal.VendorPortalTest" time="5.081" errors="0" timestamp="2024-07-26T19:22:24 AEST" skipped="0">
  <testcase classname="com.diwakar15.selenium_docker.tests.vendorportal.VendorPortalTest" name="logoutPage" time="0.926"/>
  <testcase classname="com.diwakar15.selenium_docker.tests.vendorportal.VendorPortalTest" name="loginTest" time="0.968"/>
  <testcase classname="com.diwakar15.selenium_docker.tests.vendorportal.VendorPortalTest" name="dashboardPage" time="3.187"/>
</testsuite> <!-- com.diwakar15.selenium_docker.tests.vendorportal.VendorPortalTest -->
